<?xml version="1.0" encoding="UTF-8"?>
<testsuite name="starter.CucumberTestSuite" tests="0" skipped="0" failures="0" errors="0" timestamp="1970-01-01T00:00:00" hostname="DESKTOP-QN18EAU" time="0.0">
  <properties/>
  <system-out><![CDATA[22:20:30.150 [Test worker] INFO   - 

-------------------------------------------------------------------------------------
     _______. _______ .______       _______ .__   __.  __  .___________.____    ____ 
    /       ||   ____||   _  \     |   ____||  \ |  | |  | |           |\   \  /   / 
   |   (----`|  |__   |  |_)  |    |  |__   |   \|  | |  | `---|  |----` \   \/   /  
    \   \    |   __|  |      /     |   __|  |  . `  | |  |     |  |       \_    _/   
.----)   |   |  |____ |  |\  \----.|  |____ |  |\   | |  |     |  |         |  |     
|_______/    |_______|| _| `._____||_______||__| \__| |__|     |__|         |__|    
                                                                                     
 News and tutorials at http://www.serenity-bdd.info                                  
 Documentation at https://wakaleo.gitbooks.io/the-serenity-book/content/             
 Join the Serenity Community on Gitter: https://gitter.im/serenity-bdd/serenity-core 
 Serenity BDD Support and Training at http://serenity-bdd.info/#/trainingandsupport  
 Learn Serenity BDD online at https://www.serenitydojo.net                           
-------------------------------------------------------------------------------------

22:20:30.162 [Test worker] INFO   - Test Suite Started: Search by Location
22:20:30.184 [Test worker] INFO   - Test Suite Started: Search by Location and Keyword
22:20:30.188 [Test worker] INFO   - Test Suite Started: Search by keyword
22:20:52.605 [Test worker] INFO   - 
        __    _____ _____ ____ _____   ____   _    ____  ____  _____ ____  
  _     \ \  |_   _| ____/ ___|_   _| |  _ \ / \  / ___|/ ___|| ____|  _ \ 
 (_)_____| |   | | |  _| \___ \ | |   | |_) / _ \ \___ \\___ \|  _| | | | |
  _|_____| |   | | | |___ ___) || |   |  __/ ___ \ ___) |___) | |___| |_| |
 (_)     | |   |_| |_____|____/ |_|   |_| /_/   \_\____/|____/|_____|____/ 
        /_/                                                                

Searching for a location
----------------------------------------------------------------------------
22:21:05.185 [Test worker] INFO   - 
        __    _____ _____ ____ _____   ____   _    ____  ____  _____ ____  
  _     \ \  |_   _| ____/ ___|_   _| |  _ \ / \  / ___|/ ___|| ____|  _ \ 
 (_)_____| |   | | |  _| \___ \ | |   | |_) / _ \ \___ \\___ \|  _| | | | |
  _|_____| |   | | | |___ ___) || |   |  __/ ___ \ ___) |___) | |___| |_| |
 (_)     | |   |_| |_____|____/ |_|   |_| /_/   \_\____/|____/|_____|____/ 
        /_/                                                                

Searching for a location and key word
----------------------------------------------------------------------------
22:21:14.223 [Test worker] ERROR  - 
           __  _____ _____ ____ _____   _____ _    ___ _     _____ ____  
  _       / / |_   _| ____/ ___|_   _| |  ___/ \  |_ _| |   | ____|  _ \ 
 (_)_____| |    | | |  _| \___ \ | |   | |_ / _ \  | || |   |  _| | | | |
  _|_____| |    | | | |___ ___) || |   |  _/ ___ \ | || |___| |___| |_| |
 (_)     | |    |_| |_____|____/ |_|   |_|/_/   \_\___|_____|_____|____/ 
          \_\                                                            

Searching for a term
--------------------------------------------------------------------------
22:21:14.367 [Test worker] ERROR  -     Test failed at step: Fernanda should see that each element
22:21:14.368 [Test worker] ERROR  -     Expecting a collection that matches: each element is a title containing 'Pruebas'But got: [			Analista de Pruebas Medellín y Bogotá							Choucair Testing 				Somos una compañía extraordinaria					, 			Analista de Migración											Somos una compañía Extraordinaria					, 			Analista de Pruebas Móviles							Choucair Testing 				Somos una compañía Extraordinaria					, 			Analista de Pruebas sector Bancario																, 			Automatizador Medellín y Bogotá																, 			Automatizador											Somos una compañía extraordinaria					, 			Analista de Pruebas Performance							Choucair Testing 				Somos una compañía extraordinaria					]
]]></system-out>
  <system-err><![CDATA[May 09, 2021 10:20:30 PM cucumber.runtime.java.ObjectFactoryLoader loadSingleObjectFactory
WARNING: Loading deprecated ObjectFactory from runtime via reflection: cucumber.runtime.SerenityObjectFactory
]]></system-err>
</testsuite>
